INFO:scrapy.utils.log:Scrapy 2.2.1 started (bot: siops)
INFO:scrapy.utils.log:Versions: lxml 4.5.2.0, libxml2 2.9.10, cssselect 1.1.0, parsel 1.6.0, w3lib 1.22.0, Twisted 20.3.0, Python 3.8.5 | packaged by conda-forge | (default, Jul 31 2020, 02:39:48) - [GCC 7.5.0], pyOpenSSL 19.1.0 (OpenSSL 1.1.1g  21 Apr 2020), cryptography 3.0, Platform Linux-5.4.0-42-generic-x86_64-with-glibc2.10
DEBUG:scrapy.utils.log:Using reactor: twisted.internet.epollreactor.EPollReactor
INFO:scrapy.crawler:Overridden settings:
{'BOT_NAME': 'siops',
 'NEWSPIDER_MODULE': 'siops.spiders',
 'SPIDER_MODULES': ['siops.spiders']}
INFO:scrapy.extensions.telnet:Telnet Password: c122f2d0ba5e3339
INFO:scrapy.middleware:Enabled extensions:
['scrapy.extensions.corestats.CoreStats',
 'scrapy.extensions.telnet.TelnetConsole',
 'scrapy.extensions.memusage.MemoryUsage',
 'scrapy.extensions.logstats.LogStats']
INFO:scrapy.middleware:Enabled downloader middlewares:
['scrapy.downloadermiddlewares.httpauth.HttpAuthMiddleware',
 'scrapy.downloadermiddlewares.downloadtimeout.DownloadTimeoutMiddleware',
 'scrapy.downloadermiddlewares.defaultheaders.DefaultHeadersMiddleware',
 'scrapy.downloadermiddlewares.useragent.UserAgentMiddleware',
 'scrapy.downloadermiddlewares.retry.RetryMiddleware',
 'scrapy.downloadermiddlewares.redirect.MetaRefreshMiddleware',
 'scrapy.downloadermiddlewares.httpcompression.HttpCompressionMiddleware',
 'scrapy.downloadermiddlewares.redirect.RedirectMiddleware',
 'scrapy.downloadermiddlewares.cookies.CookiesMiddleware',
 'scrapy.downloadermiddlewares.httpproxy.HttpProxyMiddleware',
 'scrapy.downloadermiddlewares.stats.DownloaderStats']
INFO:scrapy.middleware:Enabled spider middlewares:
['scrapy.spidermiddlewares.httperror.HttpErrorMiddleware',
 'scrapy.spidermiddlewares.offsite.OffsiteMiddleware',
 'scrapy.spidermiddlewares.referer.RefererMiddleware',
 'scrapy.spidermiddlewares.urllength.UrlLengthMiddleware',
 'scrapy.spidermiddlewares.depth.DepthMiddleware']
INFO:scrapy.middleware:Enabled item pipelines:
[]
INFO:scrapy.core.engine:Spider opened
INFO:scrapy.extensions.logstats:Crawled 0 pages (at 0 pages/min), scraped 0 items (at 0 items/min)
INFO:scrapy.extensions.telnet:Telnet console listening on 127.0.0.1:6023
DEBUG:scrapy.core.engine:Crawled (200) <POST http://siops.datasus.gov.br/rel_LRF.php> (referer: http://siops.datasus.gov.br/consleirespfiscal.php?S=1&UF=11;&Municipio=110002;&Ano=2019&Periodo=1)
DEBUG:tables:Saved file 2019_receitas.csv at dados/raw/11_110002/
DEBUG:tables:Saved file 2019_despesas.csv at dados/raw/11_110002/
DEBUG:scrapy.core.engine:Crawled (200) <POST http://siops.datasus.gov.br/rel_LRF.php> (referer: http://siops.datasus.gov.br/consleirespfiscal.php?S=1&UF=11;&Municipio=110003;&Ano=2019&Periodo=1)
DEBUG:scrapy.core.engine:Crawled (200) <POST http://siops.datasus.gov.br/rel_LRF.php> (referer: http://siops.datasus.gov.br/consleirespfiscal.php?S=1&UF=11;&Municipio=110002;&Ano=2020&Periodo=1)
DEBUG:tables:Saved file 2019_receitas.csv at dados/raw/11_110003/
DEBUG:tables:Saved file 2019_despesas.csv at dados/raw/11_110003/
DEBUG:tables:Saved file 2020_receitas.csv at dados/raw/11_110002/
DEBUG:tables:Saved file 2020_despesas.csv at dados/raw/11_110002/
DEBUG:scrapy.core.engine:Crawled (200) <POST http://siops.datasus.gov.br/rel_LRF.php> (referer: http://siops.datasus.gov.br/consleirespfiscal.php?S=1&UF=11;&Municipio=110001;&Ano=2019&Periodo=1)
DEBUG:tables:Saved file 2019_receitas.csv at dados/raw/11_110001/
DEBUG:tables:Saved file 2019_despesas.csv at dados/raw/11_110001/
DEBUG:scrapy.core.engine:Crawled (200) <POST http://siops.datasus.gov.br/rel_LRF.php> (referer: http://siops.datasus.gov.br/consleirespfiscal.php?S=1&UF=11;&Municipio=110003;&Ano=2020&Periodo=1)
DEBUG:tables:Saved file 2020_receitas.csv at dados/raw/11_110003/
DEBUG:tables:Saved file 2020_despesas.csv at dados/raw/11_110003/
DEBUG:scrapy.core.engine:Crawled (200) <POST http://siops.datasus.gov.br/rel_LRF.php> (referer: http://siops.datasus.gov.br/consleirespfiscal.php?S=1&UF=11;&Municipio=110001;&Ano=2020&Periodo=1)
WARNING:tables:Empty response for COD UF = 11 and Cod Municipio = 110001 at year = 2020
DEBUG:tables:Saved file 2020_receitas.csv at dados/raw/11_110001/
WARNING:tables:Empty response for COD UF = 11 and Cod Municipio = 110001 at year = 2020
DEBUG:tables:Saved file 2020_despesas.csv at dados/raw/11_110001/
DEBUG:scrapy.core.engine:Crawled (200) <POST http://siops.datasus.gov.br/rel_LRF.php> (referer: http://siops.datasus.gov.br/consleirespfiscal.php?S=1&UF=11;&Municipio=110004;&Ano=2019&Periodo=1)
DEBUG:tables:Saved file 2019_receitas.csv at dados/raw/11_110004/
DEBUG:tables:Saved file 2019_despesas.csv at dados/raw/11_110004/
DEBUG:scrapy.core.engine:Crawled (200) <POST http://siops.datasus.gov.br/rel_LRF.php> (referer: http://siops.datasus.gov.br/consleirespfiscal.php?S=1&UF=11;&Municipio=110005;&Ano=2019&Periodo=1)
DEBUG:tables:Saved file 2019_receitas.csv at dados/raw/11_110005/
DEBUG:tables:Saved file 2019_despesas.csv at dados/raw/11_110005/
DEBUG:scrapy.core.engine:Crawled (200) <POST http://siops.datasus.gov.br/rel_LRF.php> (referer: http://siops.datasus.gov.br/consleirespfiscal.php?S=1&UF=11;&Municipio=110005;&Ano=2020&Periodo=1)
DEBUG:scrapy.core.engine:Crawled (200) <POST http://siops.datasus.gov.br/rel_LRF.php> (referer: http://siops.datasus.gov.br/consleirespfiscal.php?S=1&UF=11;&Municipio=110006;&Ano=2019&Periodo=1)
DEBUG:tables:Saved file 2020_receitas.csv at dados/raw/11_110005/
DEBUG:tables:Saved file 2020_despesas.csv at dados/raw/11_110005/
DEBUG:tables:Saved file 2019_receitas.csv at dados/raw/11_110006/
DEBUG:tables:Saved file 2019_despesas.csv at dados/raw/11_110006/
DEBUG:scrapy.core.engine:Crawled (200) <POST http://siops.datasus.gov.br/rel_LRF.php> (referer: http://siops.datasus.gov.br/consleirespfiscal.php?S=1&UF=11;&Municipio=110006;&Ano=2020&Periodo=1)
DEBUG:tables:Saved file 2020_receitas.csv at dados/raw/11_110006/
DEBUG:tables:Saved file 2020_despesas.csv at dados/raw/11_110006/
DEBUG:scrapy.core.engine:Crawled (200) <POST http://siops.datasus.gov.br/rel_LRF.php> (referer: http://siops.datasus.gov.br/consleirespfiscal.php?S=1&UF=11;&Municipio=110004;&Ano=2020&Periodo=1)
DEBUG:scrapy.core.engine:Crawled (200) <POST http://siops.datasus.gov.br/rel_LRF.php> (referer: http://siops.datasus.gov.br/consleirespfiscal.php?S=1&UF=11;&Municipio=110007;&Ano=2019&Periodo=1)
DEBUG:tables:Saved file 2020_receitas.csv at dados/raw/11_110004/
DEBUG:tables:Saved file 2020_despesas.csv at dados/raw/11_110004/
DEBUG:tables:Saved file 2019_receitas.csv at dados/raw/11_110007/
DEBUG:tables:Saved file 2019_despesas.csv at dados/raw/11_110007/
DEBUG:scrapy.core.engine:Crawled (200) <POST http://siops.datasus.gov.br/rel_LRF.php> (referer: http://siops.datasus.gov.br/consleirespfiscal.php?S=1&UF=11;&Municipio=110007;&Ano=2020&Periodo=1)
DEBUG:tables:Saved file 2020_receitas.csv at dados/raw/11_110007/
DEBUG:tables:Saved file 2020_despesas.csv at dados/raw/11_110007/
INFO:scrapy.crawler:Received SIGINT, shutting down gracefully. Send again to force 
INFO:scrapy.core.engine:Closing spider (shutdown)
DEBUG:scrapy.core.engine:Crawled (200) <POST http://siops.datasus.gov.br/rel_LRF.php> (referer: http://siops.datasus.gov.br/consleirespfiscal.php?S=1&UF=11;&Municipio=110008;&Ano=2019&Periodo=1)
DEBUG:scrapy.core.engine:Crawled (200) <POST http://siops.datasus.gov.br/rel_LRF.php> (referer: http://siops.datasus.gov.br/consleirespfiscal.php?S=1&UF=11;&Municipio=110008;&Ano=2020&Periodo=1)
INFO:scrapy.crawler:Received SIGINT twice, forcing unclean shutdown
DEBUG:tables:Saved file 2019_receitas.csv at dados/raw/11_110008/
DEBUG:tables:Saved file 2019_despesas.csv at dados/raw/11_110008/
WARNING:tables:Empty response for COD UF = 11 and Cod Municipio = 110008 at year = 2020
DEBUG:tables:Saved file 2020_receitas.csv at dados/raw/11_110008/
WARNING:tables:Empty response for COD UF = 11 and Cod Municipio = 110008 at year = 2020
DEBUG:tables:Saved file 2020_despesas.csv at dados/raw/11_110008/
DEBUG:scrapy.downloadermiddlewares.retry:Retrying <POST http://siops.datasus.gov.br/rel_LRF.php> (failed 1 times): [<twisted.python.failure.Failure twisted.internet.error.ConnectionLost: Connection to the other side was lost in a non-clean fashion: Connection lost.>]
DEBUG:scrapy.downloadermiddlewares.retry:Retrying <POST http://siops.datasus.gov.br/rel_LRF.php> (failed 1 times): [<twisted.python.failure.Failure twisted.internet.error.ConnectionLost: Connection to the other side was lost in a non-clean fashion: Connection lost.>]
DEBUG:scrapy.downloadermiddlewares.retry:Retrying <POST http://siops.datasus.gov.br/rel_LRF.php> (failed 1 times): [<twisted.python.failure.Failure twisted.internet.error.ConnectionLost: Connection to the other side was lost in a non-clean fashion: Connection lost.>]
DEBUG:scrapy.downloadermiddlewares.retry:Retrying <POST http://siops.datasus.gov.br/rel_LRF.php> (failed 1 times): [<twisted.python.failure.Failure twisted.internet.error.ConnectionLost: Connection to the other side was lost in a non-clean fashion: Connection lost.>]
DEBUG:scrapy.downloadermiddlewares.retry:Retrying <POST http://siops.datasus.gov.br/rel_LRF.php> (failed 1 times): [<twisted.python.failure.Failure twisted.internet.error.ConnectionLost: Connection to the other side was lost in a non-clean fashion: Connection lost.>]
DEBUG:scrapy.downloadermiddlewares.retry:Retrying <POST http://siops.datasus.gov.br/rel_LRF.php> (failed 1 times): [<twisted.python.failure.Failure twisted.internet.error.ConnectionLost: Connection to the other side was lost in a non-clean fashion: Connection lost.>]
DEBUG:scrapy.downloadermiddlewares.retry:Retrying <POST http://siops.datasus.gov.br/rel_LRF.php> (failed 1 times): [<twisted.python.failure.Failure twisted.internet.error.ConnectionLost: Connection to the other side was lost in a non-clean fashion: Connection lost.>]
DEBUG:scrapy.downloadermiddlewares.retry:Retrying <POST http://siops.datasus.gov.br/rel_LRF.php> (failed 1 times): [<twisted.python.failure.Failure twisted.internet.error.ConnectionLost: Connection to the other side was lost in a non-clean fashion: Connection lost.>]
